  Scanning sources for module dependencies...
  Source.cpp
  products.cpp
  utils.cppm
  utils.cpp
  unordered_map
  vector
  string
  Compiling...
  vector
  unordered_map
  string
  utils.cppm
  products.cpp
  Source.cpp
  utils.cpp
C:\Users\ELITEBOOK\Documents\Facultate\MC\vcpkg\installed\x64-windows\include\crow\query_string.h(117,20): warning C4267: '=': conversion from 'size_t' to 'int', possible loss of data
  (compiling source file 'products.cpp')
  
C:\Users\ELITEBOOK\Documents\Facultate\MC\vcpkg\installed\x64-windows\include\crow\query_string.h(370,92): warning C4267: 'argument': conversion from 'size_t' to 'int', possible loss of data
  (compiling source file 'products.cpp')
  
C:\Users\ELITEBOOK\Documents\Facultate\MC\vcpkg\installed\x64-windows\include\crow\query_string.h(406,94): warning C4267: 'argument': conversion from 'size_t' to 'int', possible loss of data
  (compiling source file 'products.cpp')
  
C:\Users\ELITEBOOK\Documents\Facultate\MC\vcpkg\installed\x64-windows\include\crow\query_string.h(445,112): warning C4267: 'argument': conversion from 'size_t' to 'int', possible loss of data
  (compiling source file 'products.cpp')
  
C:\Users\ELITEBOOK\Documents\Facultate\MC\vcpkg\installed\x64-windows\include\crow\utility.h(672,39): warning C4267: 'initializing': conversion from 'size_t' to 'unsigned int', possible loss of data
  (compiling source file 'products.cpp')
  
C:\Users\ELITEBOOK\Documents\Facultate\MC\vcpkg\installed\x64-windows\include\crow\http_parser_merged.h(589,32): warning C4244: '=': conversion from '__int64' to 'unsigned long', possible loss of data
  (compiling source file 'products.cpp')
  
C:\Users\ELITEBOOK\Documents\Facultate\MC\vcpkg\installed\x64-windows\include\crow\http_parser_merged.h(609,32): warning C4244: '=': conversion from '__int64' to 'unsigned long', possible loss of data
  (compiling source file 'products.cpp')
  
C:\Users\ELITEBOOK\Documents\Facultate\MC\vcpkg\installed\x64-windows\include\crow\query_string.h(117,20): warning C4267: '=': conversion from 'size_t' to 'int', possible loss of data
  (compiling source file 'Source.cpp')
  
C:\Users\ELITEBOOK\Documents\Facultate\MC\vcpkg\installed\x64-windows\include\crow\query_string.h(370,92): warning C4267: 'argument': conversion from 'size_t' to 'int', possible loss of data
  (compiling source file 'Source.cpp')
  
C:\Users\ELITEBOOK\Documents\Facultate\MC\vcpkg\installed\x64-windows\include\crow\query_string.h(406,94): warning C4267: 'argument': conversion from 'size_t' to 'int', possible loss of data
  (compiling source file 'Source.cpp')
  
C:\Users\ELITEBOOK\Documents\Facultate\MC\vcpkg\installed\x64-windows\include\crow\query_string.h(445,112): warning C4267: 'argument': conversion from 'size_t' to 'int', possible loss of data
  (compiling source file 'Source.cpp')
  
C:\Users\ELITEBOOK\Documents\Facultate\MC\vcpkg\installed\x64-windows\include\crow\utility.h(672,39): warning C4267: 'initializing': conversion from 'size_t' to 'unsigned int', possible loss of data
  (compiling source file 'Source.cpp')
  
C:\Users\ELITEBOOK\Documents\Facultate\MC\vcpkg\installed\x64-windows\include\crow\http_parser_merged.h(589,32): warning C4244: '=': conversion from '__int64' to 'unsigned long', possible loss of data
  (compiling source file 'Source.cpp')
  
C:\Users\ELITEBOOK\Documents\Facultate\MC\vcpkg\installed\x64-windows\include\crow\http_parser_merged.h(609,32): warning C4244: '=': conversion from '__int64' to 'unsigned long', possible loss of data
  (compiling source file 'Source.cpp')
  
  Please define _WIN32_WINNT or _WIN32_WINDOWS appropriately. For example:
  - add -D_WIN32_WINNT=0x0601 to the compiler command line; or
  - add _WIN32_WINNT=0x0601 to your project's Preprocessor Definitions.
  Assuming _WIN32_WINNT=0x0601 (i.e. Windows 7 target).
  Please define _WIN32_WINNT or _WIN32_WINDOWS appropriately. For example:
  - add -D_WIN32_WINNT=0x0601 to the compiler command line; or
  - add _WIN32_WINNT=0x0601 to your project's Preprocessor Definitions.
  Assuming _WIN32_WINNT=0x0601 (i.e. Windows 7 target).
C:\Users\ELITEBOOK\Documents\Facultate\MC\vcpkg\installed\x64-windows\include\crow\json.h(1211,35): warning C4267: 'argument': conversion from 'size_t' to 'uint32_t', possible loss of data
  (compiling source file 'products.cpp')
  
C:\Users\ELITEBOOK\Documents\Facultate\MC\vcpkg\installed\x64-windows\include\crow\json.h(1671,32): warning C4267: 'return': conversion from 'size_t' to 'int', possible loss of data
  (compiling source file 'products.cpp')
  
C:\Users\ELITEBOOK\Documents\Facultate\MC\vcpkg\installed\x64-windows\include\crow\mustache.h(97,33): warning C4267: 'initializing': conversion from 'size_t' to 'int', possible loss of data
  (compiling source file 'products.cpp')
  
C:\Users\ELITEBOOK\Documents\Facultate\MC\vcpkg\installed\x64-windows\include\crow\mustache.h(116,48): warning C4267: '=': conversion from 'size_t' to 'int', possible loss of data
  (compiling source file 'products.cpp')
  
C:\Users\ELITEBOOK\Documents\Facultate\MC\vcpkg\installed\x64-windows\include\crow\mustache.h(118,53): warning C4267: 'argument': conversion from 'size_t' to '_Ty', possible loss of data
C:\Users\ELITEBOOK\Documents\Facultate\MC\vcpkg\installed\x64-windows\include\crow\mustache.h(118,53): warning C4267:         with
C:\Users\ELITEBOOK\Documents\Facultate\MC\vcpkg\installed\x64-windows\include\crow\mustache.h(118,53): warning C4267:         [
C:\Users\ELITEBOOK\Documents\Facultate\MC\vcpkg\installed\x64-windows\include\crow\mustache.h(118,53): warning C4267:             _Ty=int
C:\Users\ELITEBOOK\Documents\Facultate\MC\vcpkg\installed\x64-windows\include\crow\mustache.h(118,53): warning C4267:         ]
  (compiling source file 'products.cpp')
  
C:\Users\ELITEBOOK\Documents\Facultate\MC\vcpkg\installed\x64-windows\include\crow\mustache.h(221,94): warning C4267: 'argument': conversion from 'size_t' to 'int', possible loss of data
  (compiling source file 'products.cpp')
  
C:\Users\ELITEBOOK\Documents\Facultate\MC\vcpkg\installed\x64-windows\include\crow\mustache.h(367,54): warning C4267: 'argument': conversion from 'size_t' to 'int', possible loss of data
  (compiling source file 'products.cpp')
  
C:\Users\ELITEBOOK\Documents\Facultate\MC\vcpkg\installed\x64-windows\include\crow\mustache.h(378,54): warning C4267: 'argument': conversion from 'size_t' to 'int', possible loss of data
  (compiling source file 'products.cpp')
  
C:\Users\ELITEBOOK\Documents\Facultate\MC\vcpkg\installed\x64-windows\include\crow\mustache.h(390,54): warning C4267: 'argument': conversion from 'size_t' to 'int', possible loss of data
  (compiling source file 'products.cpp')
  
C:\Users\ELITEBOOK\Documents\Facultate\MC\vcpkg\installed\x64-windows\include\crow\mustache.h(401,54): warning C4267: 'argument': conversion from 'size_t' to 'int', possible loss of data
  (compiling source file 'products.cpp')
  
C:\Users\ELITEBOOK\Documents\Facultate\MC\vcpkg\installed\x64-windows\include\crow\mustache.h(463,60): warning C4267: '=': conversion from 'size_t' to 'int', possible loss of data
  (compiling source file 'products.cpp')
  
C:\Users\ELITEBOOK\Documents\Facultate\MC\vcpkg\installed\x64-windows\include\crow\mustache.h(563,28): warning C4267: 'initializing': conversion from 'size_t' to 'int', possible loss of data
  (compiling source file 'products.cpp')
  
C:\Users\ELITEBOOK\Documents\Facultate\MC\vcpkg\installed\x64-windows\include\crow\json.h(1211,35): warning C4267: 'argument': conversion from 'size_t' to 'uint32_t', possible loss of data
  (compiling source file 'Source.cpp')
  
C:\Users\ELITEBOOK\Documents\Facultate\MC\vcpkg\installed\x64-windows\include\crow\json.h(1671,32): warning C4267: 'return': conversion from 'size_t' to 'int', possible loss of data
  (compiling source file 'Source.cpp')
  
C:\Users\ELITEBOOK\Documents\Facultate\MC\vcpkg\installed\x64-windows\include\crow\mustache.h(97,33): warning C4267: 'initializing': conversion from 'size_t' to 'int', possible loss of data
  (compiling source file 'Source.cpp')
  
C:\Users\ELITEBOOK\Documents\Facultate\MC\vcpkg\installed\x64-windows\include\crow\mustache.h(116,48): warning C4267: '=': conversion from 'size_t' to 'int', possible loss of data
  (compiling source file 'Source.cpp')
  
C:\Users\ELITEBOOK\Documents\Facultate\MC\vcpkg\installed\x64-windows\include\crow\mustache.h(118,53): warning C4267: 'argument': conversion from 'size_t' to '_Ty', possible loss of data
C:\Users\ELITEBOOK\Documents\Facultate\MC\vcpkg\installed\x64-windows\include\crow\mustache.h(118,53): warning C4267:         with
C:\Users\ELITEBOOK\Documents\Facultate\MC\vcpkg\installed\x64-windows\include\crow\mustache.h(118,53): warning C4267:         [
C:\Users\ELITEBOOK\Documents\Facultate\MC\vcpkg\installed\x64-windows\include\crow\mustache.h(118,53): warning C4267:             _Ty=int
C:\Users\ELITEBOOK\Documents\Facultate\MC\vcpkg\installed\x64-windows\include\crow\mustache.h(118,53): warning C4267:         ]
  (compiling source file 'Source.cpp')
  
C:\Users\ELITEBOOK\Documents\Facultate\MC\vcpkg\installed\x64-windows\include\crow\mustache.h(221,94): warning C4267: 'argument': conversion from 'size_t' to 'int', possible loss of data
  (compiling source file 'Source.cpp')
  
C:\Users\ELITEBOOK\Documents\Facultate\MC\vcpkg\installed\x64-windows\include\crow\mustache.h(367,54): warning C4267: 'argument': conversion from 'size_t' to 'int', possible loss of data
  (compiling source file 'Source.cpp')
  
C:\Users\ELITEBOOK\Documents\Facultate\MC\vcpkg\installed\x64-windows\include\crow\mustache.h(378,54): warning C4267: 'argument': conversion from 'size_t' to 'int', possible loss of data
  (compiling source file 'Source.cpp')
  
C:\Users\ELITEBOOK\Documents\Facultate\MC\vcpkg\installed\x64-windows\include\crow\mustache.h(390,54): warning C4267: 'argument': conversion from 'size_t' to 'int', possible loss of data
  (compiling source file 'Source.cpp')
  
C:\Users\ELITEBOOK\Documents\Facultate\MC\vcpkg\installed\x64-windows\include\crow\mustache.h(401,54): warning C4267: 'argument': conversion from 'size_t' to 'int', possible loss of data
  (compiling source file 'Source.cpp')
  
C:\Users\ELITEBOOK\Documents\Facultate\MC\vcpkg\installed\x64-windows\include\crow\mustache.h(463,60): warning C4267: '=': conversion from 'size_t' to 'int', possible loss of data
  (compiling source file 'Source.cpp')
  
C:\Users\ELITEBOOK\Documents\Facultate\MC\vcpkg\installed\x64-windows\include\crow\mustache.h(563,28): warning C4267: 'initializing': conversion from 'size_t' to 'int', possible loss of data
  (compiling source file 'Source.cpp')
  
C:\Users\ELITEBOOK\Documents\Facultate\MC\vcpkg\installed\x64-windows\include\crow\routing.h(800,70): warning C4244: 'argument': conversion from '__int64' to 'unsigned int', possible loss of data
  (compiling source file 'products.cpp')
  
C:\Users\ELITEBOOK\Documents\Facultate\MC\vcpkg\installed\x64-windows\include\crow\routing.h(821,70): warning C4244: 'argument': conversion from '__int64' to 'unsigned int', possible loss of data
  (compiling source file 'products.cpp')
  
C:\Users\ELITEBOOK\Documents\Facultate\MC\vcpkg\installed\x64-windows\include\crow\routing.h(842,70): warning C4244: 'argument': conversion from '__int64' to 'unsigned int', possible loss of data
  (compiling source file 'products.cpp')
  
C:\Users\ELITEBOOK\Documents\Facultate\MC\vcpkg\installed\x64-windows\include\crow\routing.h(864,61): warning C4267: 'argument': conversion from 'size_t' to 'unsigned int', possible loss of data
  (compiling source file 'products.cpp')
  
C:\Users\ELITEBOOK\Documents\Facultate\MC\vcpkg\installed\x64-windows\include\crow\routing.h(880,61): warning C4267: 'argument': conversion from 'size_t' to 'unsigned int', possible loss of data
  (compiling source file 'products.cpp')
  
C:\Users\ELITEBOOK\Documents\Facultate\MC\vcpkg\installed\x64-windows\include\crow\routing.h(895,61): warning C4267: 'argument': conversion from 'size_t' to 'unsigned int', possible loss of data
  (compiling source file 'products.cpp')
  
C:\Users\ELITEBOOK\Documents\Facultate\MC\vcpkg\installed\x64-windows\include\crow\routing.h(945,53): warning C4267: '+=': conversion from 'size_t' to 'unsigned int', possible loss of data
  (compiling source file 'products.cpp')
  
C:\Users\ELITEBOOK\Documents\Facultate\MC\vcpkg\installed\x64-windows\include\crow\routing.h(956,45): warning C4267: '+=': conversion from 'size_t' to 'unsigned int', possible loss of data
  (compiling source file 'products.cpp')
  
C:\Users\ELITEBOOK\Documents\Facultate\MC\vcpkg\installed\x64-windows\include\crow\routing.h(1002,36): warning C4267: '+=': conversion from 'size_t' to 'unsigned int', possible loss of data
  (compiling source file 'products.cpp')
  
C:\Users\ELITEBOOK\Documents\Facultate\MC\vcpkg\installed\x64-windows\include\crow\routing.h(1005,33): warning C4267: '+=': conversion from 'size_t' to 'unsigned int', possible loss of data
  (compiling source file 'products.cpp')
  
C:\Users\ELITEBOOK\Documents\Facultate\MC\vcpkg\installed\x64-windows\include\crow\routing.h(1204,101): warning C4267: 'argument': conversion from 'size_t' to 'unsigned int', possible loss of data
  (compiling source file 'products.cpp')
  
C:\Users\ELITEBOOK\Documents\Facultate\MC\vcpkg\installed\x64-windows\include\crow\routing.h(1204,87): warning C4267: 'argument': conversion from 'size_t' to 'uint16_t', possible loss of data
  (compiling source file 'products.cpp')
  
C:\Users\ELITEBOOK\Documents\Facultate\MC\vcpkg\installed\x64-windows\include\crow\routing.h(1210,118): warning C4267: 'argument': conversion from 'size_t' to 'unsigned int', possible loss of data
  (compiling source file 'products.cpp')
  
C:\Users\ELITEBOOK\Documents\Facultate\MC\vcpkg\installed\x64-windows\include\crow\routing.h(1259,100): warning C4267: 'argument': conversion from 'size_t' to 'unsigned int', possible loss of data
  (compiling source file 'products.cpp')
  
C:\Users\ELITEBOOK\Documents\Facultate\MC\vcpkg\installed\x64-windows\include\crow\routing.h(1420,24): warning C4267: 'initializing': conversion from 'size_t' to 'int', possible loss of data
  (compiling source file 'products.cpp')
  
C:\Users\ELITEBOOK\Documents\Facultate\MC\vcpkg\installed\x64-windows\include\crow\routing.h(800,70): warning C4244: 'argument': conversion from '__int64' to 'unsigned int', possible loss of data
  (compiling source file 'Source.cpp')
  
C:\Users\ELITEBOOK\Documents\Facultate\MC\vcpkg\installed\x64-windows\include\crow\routing.h(821,70): warning C4244: 'argument': conversion from '__int64' to 'unsigned int', possible loss of data
  (compiling source file 'Source.cpp')
  
C:\Users\ELITEBOOK\Documents\Facultate\MC\vcpkg\installed\x64-windows\include\crow\routing.h(842,70): warning C4244: 'argument': conversion from '__int64' to 'unsigned int', possible loss of data
  (compiling source file 'Source.cpp')
  
C:\Users\ELITEBOOK\Documents\Facultate\MC\vcpkg\installed\x64-windows\include\crow\routing.h(864,61): warning C4267: 'argument': conversion from 'size_t' to 'unsigned int', possible loss of data
  (compiling source file 'Source.cpp')
  
C:\Users\ELITEBOOK\Documents\Facultate\MC\vcpkg\installed\x64-windows\include\crow\routing.h(880,61): warning C4267: 'argument': conversion from 'size_t' to 'unsigned int', possible loss of data
  (compiling source file 'Source.cpp')
  
C:\Users\ELITEBOOK\Documents\Facultate\MC\vcpkg\installed\x64-windows\include\crow\routing.h(895,61): warning C4267: 'argument': conversion from 'size_t' to 'unsigned int', possible loss of data
  (compiling source file 'Source.cpp')
  
C:\Users\ELITEBOOK\Documents\Facultate\MC\vcpkg\installed\x64-windows\include\crow\routing.h(945,53): warning C4267: '+=': conversion from 'size_t' to 'unsigned int', possible loss of data
  (compiling source file 'Source.cpp')
  
C:\Users\ELITEBOOK\Documents\Facultate\MC\vcpkg\installed\x64-windows\include\crow\routing.h(956,45): warning C4267: '+=': conversion from 'size_t' to 'unsigned int', possible loss of data
  (compiling source file 'Source.cpp')
  
C:\Users\ELITEBOOK\Documents\Facultate\MC\vcpkg\installed\x64-windows\include\crow\routing.h(1002,36): warning C4267: '+=': conversion from 'size_t' to 'unsigned int', possible loss of data
  (compiling source file 'Source.cpp')
  
C:\Users\ELITEBOOK\Documents\Facultate\MC\vcpkg\installed\x64-windows\include\crow\routing.h(1005,33): warning C4267: '+=': conversion from 'size_t' to 'unsigned int', possible loss of data
  (compiling source file 'Source.cpp')
  
C:\Users\ELITEBOOK\Documents\Facultate\MC\vcpkg\installed\x64-windows\include\crow\routing.h(1204,101): warning C4267: 'argument': conversion from 'size_t' to 'unsigned int', possible loss of data
  (compiling source file 'Source.cpp')
  
C:\Users\ELITEBOOK\Documents\Facultate\MC\vcpkg\installed\x64-windows\include\crow\routing.h(1204,87): warning C4267: 'argument': conversion from 'size_t' to 'uint16_t', possible loss of data
  (compiling source file 'Source.cpp')
  
C:\Users\ELITEBOOK\Documents\Facultate\MC\vcpkg\installed\x64-windows\include\crow\routing.h(1210,118): warning C4267: 'argument': conversion from 'size_t' to 'unsigned int', possible loss of data
  (compiling source file 'Source.cpp')
  
C:\Users\ELITEBOOK\Documents\Facultate\MC\vcpkg\installed\x64-windows\include\crow\routing.h(1259,100): warning C4267: 'argument': conversion from 'size_t' to 'unsigned int', possible loss of data
  (compiling source file 'Source.cpp')
  
C:\Users\ELITEBOOK\Documents\Facultate\MC\vcpkg\installed\x64-windows\include\crow\routing.h(1420,24): warning C4267: 'initializing': conversion from 'size_t' to 'int', possible loss of data
  (compiling source file 'Source.cpp')
  
C:\Users\ELITEBOOK\Documents\Facultate\MC\vcpkg\installed\x64-windows\include\crow\http_connection.h(473,63): warning C4244: 'argument': conversion from 'unsigned __int64' to 'int', possible loss of data
  (compiling source file 'Source.cpp')
  C:\Users\ELITEBOOK\Documents\Facultate\MC\vcpkg\installed\x64-windows\include\crow\http_connection.h(473,63):
  the template instantiation context (the oldest one first) is
  	C:\Users\ELITEBOOK\Documents\Facultate\MC\HttpApp\HTTPServer\HTTPServer\Source.cpp(41,18):
  	see reference to class template instantiation 'crow::Crow<>' being compiled
  	C:\Users\ELITEBOOK\Documents\Facultate\MC\vcpkg\installed\x64-windows\include\crow\app.h(279,14):
  	while compiling class template member function 'void crow::Crow<>::run(void)'
  		C:\Users\ELITEBOOK\Documents\Facultate\MC\HttpApp\HTTPServer\HTTPServer\Source.cpp(76,37):
  		see the first reference to 'crow::Crow<>::run' in 'main'
  	C:\Users\ELITEBOOK\Documents\Facultate\MC\vcpkg\installed\x64-windows\include\crow\app.h(301,1):
  	see reference to class template instantiation 'crow::Server<crow::Crow<>,crow::SocketAdaptor>' being compiled
  	C:\Users\ELITEBOOK\Documents\Facultate\MC\vcpkg\installed\x64-windows\include\crow\http_server.h(194,14):
  	while compiling class template member function 'void crow::Server<crow::Crow<>,crow::SocketAdaptor>::do_accept(void)'
  		C:\Users\ELITEBOOK\Documents\Facultate\MC\vcpkg\installed\x64-windows\include\crow\http_server.h(152,22):
  		see the first reference to 'crow::Server<crow::Crow<>,crow::SocketAdaptor>::do_accept' in 'crow::Server<crow::Crow<>,crow::SocketAdaptor>::run'
  		C:\Users\ELITEBOOK\Documents\Facultate\MC\vcpkg\installed\x64-windows\include\crow\app.h(308,29):
  		see the first reference to 'crow::Server<crow::Crow<>,crow::SocketAdaptor>::run' in 'crow::Crow<>::run'
  		C:\Users\ELITEBOOK\Documents\Facultate\MC\HttpApp\HTTPServer\HTTPServer\Source.cpp(76,37):
  		see the first reference to 'crow::Crow<>::run' in 'main'
  	C:\Users\ELITEBOOK\Documents\Facultate\MC\vcpkg\installed\x64-windows\include\crow\http_server.h(201,26):
  	see reference to class template instantiation 'crow::Connection<Adaptor,Handler>' being compiled
          with
          [
              Adaptor=crow::SocketAdaptor,
              Handler=crow::Crow<>
          ]
  	C:\Users\ELITEBOOK\Documents\Facultate\MC\vcpkg\installed\x64-windows\include\crow\http_connection.h(463,14):
  	while compiling class template member function 'void crow::Connection<Adaptor,Handler>::do_read(void)'
          with
          [
              Adaptor=crow::SocketAdaptor,
              Handler=crow::Crow<>
          ]
  		C:\Users\ELITEBOOK\Documents\Facultate\MC\vcpkg\installed\x64-windows\include\crow\http_connection.h(88,28):
  		see the first reference to 'crow::Connection<Adaptor,Handler>::do_read' in 'crow::Connection<Adaptor,Handler>::start::<lambda_1>::operator ()'
          with
          [
              Adaptor=crow::SocketAdaptor,
              Handler=crow::Crow<>
          ]
  
C:\Users\ELITEBOOK\Documents\Facultate\MC\vcpkg\installed\x64-windows\include\crow\parser.h(118,25): warning C4267: 'initializing': conversion from 'size_t' to 'int', possible loss of data
  (compiling source file 'Source.cpp')
  C:\Users\ELITEBOOK\Documents\Facultate\MC\vcpkg\installed\x64-windows\include\crow\parser.h(118,25):
  the template instantiation context (the oldest one first) is
  	C:\Users\ELITEBOOK\Documents\Facultate\MC\vcpkg\installed\x64-windows\include\crow\http_connection.h(596,32):
  	see reference to class template instantiation 'crow::HTTPParser<crow::Connection<Adaptor,Handler>>' being compiled
          with
          [
              Adaptor=crow::SocketAdaptor,
              Handler=crow::Crow<>
          ]
  	C:\Users\ELITEBOOK\Documents\Facultate\MC\vcpkg\installed\x64-windows\include\crow\parser.h(103,14):
  	while compiling class template member function 'bool crow::HTTPParser<crow::Connection<Adaptor,Handler>>::feed(const char *,int)'
          with
          [
              Adaptor=crow::SocketAdaptor,
              Handler=crow::Crow<>
          ]
  		C:\Users\ELITEBOOK\Documents\Facultate\MC\vcpkg\installed\x64-windows\include\crow\http_connection.h(473,32):
  		see the first reference to 'crow::HTTPParser<crow::Connection<Adaptor,Handler>>::feed' in 'crow::Connection<Adaptor,Handler>::do_read::<lambda_1>::operator ()'
          with
          [
              Adaptor=crow::SocketAdaptor,
              Handler=crow::Crow<>
          ]
  
C:\Users\ELITEBOOK\Documents\Facultate\MC\vcpkg\installed\x64-windows\include\crow\middleware.h(224,59): warning C4244: 'argument': conversion from '_Ty' to 'int', possible loss of data
C:\Users\ELITEBOOK\Documents\Facultate\MC\vcpkg\installed\x64-windows\include\crow\middleware.h(224,59): warning C4244:         with
C:\Users\ELITEBOOK\Documents\Facultate\MC\vcpkg\installed\x64-windows\include\crow\middleware.h(224,59): warning C4244:         [
C:\Users\ELITEBOOK\Documents\Facultate\MC\vcpkg\installed\x64-windows\include\crow\middleware.h(224,59): warning C4244:             _Ty=crow::black_magic::single_tag_to_type<1>::type
C:\Users\ELITEBOOK\Documents\Facultate\MC\vcpkg\installed\x64-windows\include\crow\middleware.h(224,59): warning C4244:         ]
  (compiling source file 'Source.cpp')
  C:\Users\ELITEBOOK\Documents\Facultate\MC\vcpkg\installed\x64-windows\include\crow\middleware.h(224,59):
  the template instantiation context (the oldest one first) is
  	C:\Users\ELITEBOOK\Documents\Facultate\MC\HttpApp\HTTPServer\HTTPServer\Source.cpp(64,2):
  	see reference to function template instantiation 'void crow::TaggedRule<crow::black_magic::single_tag_to_type<1>::type>::operator ()<main::<lambda_3>>(Func &&)' being compiled
          with
          [
              Func=main::<lambda_3>
          ]
  		C:\Users\ELITEBOOK\Documents\Facultate\MC\HttpApp\HTTPServer\HTTPServer\Source.cpp(64,38):
  		see the first reference to 'crow::TaggedRule<crow::black_magic::single_tag_to_type<1>::type>::operator ()' in 'main'
  	C:\Users\ELITEBOOK\Documents\Facultate\MC\vcpkg\installed\x64-windows\include\crow\routing.h(584,27):
  	see reference to function template instantiation 'void crow::detail::wrapped_handler_call<main::<lambda_3>,_Ty>(crow::request &,crow::response &,const F &,_Ty &&)' being compiled
          with
          [
              _Ty=crow::black_magic::single_tag_to_type<1>::type,
              F=main::<lambda_3>
          ]
  
  HTTPServer.vcxproj -> C:\Users\ELITEBOOK\Documents\Facultate\MC\HttpApp\HTTPServer\x64\Debug\HTTPServer.exe
